<?xml version="1.0" encoding="UTF-8"?>
<!-- Generated by org.testng.reporters.JUnitXMLReporter -->
<testsuite hostname="DESKTOP-EJ97I43" ignored="0" name="Command line test" tests="4" failures="0" timestamp="04 May 2019 10:06:57 GMT" time="67.71" errors="0">
  <testcase name="loginTest" time="5.779" classname="com.crm.qa.testcases.LoginPageTest"/>
  <testcase name="verifyAddContactDetails" time="4.08" classname="com.crm.qa.testcases.ContactsPageTest"/>
  <testcase name="verifyAddContactDetails" time="3.998" classname="com.crm.qa.testcases.ContactsPageTest"/>
  <testcase name="verifyAddContactDetails" time="3.77" classname="com.crm.qa.testcases.ContactsPageTest"/>
</testsuite> <!-- Command line test -->
