<?xml version="1.0" encoding="UTF-8"?>
<testng-results skipped="0" failed="0" ignored="0" total="4" passed="4">
  <reporter-output>
  </reporter-output>
  <suite name="Command line suite" duration-ms="67710" started-at="2019-05-04T10:05:49Z" finished-at="2019-05-04T10:06:57Z">
    <groups>
    </groups>
    <test name="Command line test" duration-ms="67710" started-at="2019-05-04T10:05:49Z" finished-at="2019-05-04T10:06:57Z">
      <class name="com.crm.qa.testcases.ContactsPageTest">
        <test-method status="PASS" signature="setup()[pri:0, instance:com.crm.qa.testcases.ContactsPageTest@2d554825]" name="setup" is-config="true" duration-ms="14018" started-at="2019-05-04T10:06:03Z" finished-at="2019-05-04T10:06:17Z">
          <reporter-output>
          </reporter-output>
        </test-method> <!-- setup -->
        <test-method status="PASS" signature="verifyAddContactDetails(java.lang.String, java.lang.String, java.lang.String)[pri:1, instance:com.crm.qa.testcases.ContactsPageTest@2d554825]" name="verifyAddContactDetails" duration-ms="4080" started-at="2019-05-04T10:06:17Z" data-provider="getCRMContactsData" finished-at="2019-05-04T10:06:21Z">
          <params>
            <param index="0">
              <value>
                <![CDATA[John]]>
              </value>
            </param>
            <param index="1">
              <value>
                <![CDATA[Abraham]]>
              </value>
            </param>
            <param index="2">
              <value>
                <![CDATA[John@gmail.com]]>
              </value>
            </param>
          </params>
          <reporter-output>
          </reporter-output>
        </test-method> <!-- verifyAddContactDetails -->
        <test-method status="PASS" signature="tearDown()[pri:0, instance:com.crm.qa.testcases.ContactsPageTest@2d554825]" name="tearDown" is-config="true" duration-ms="691" started-at="2019-05-04T10:06:21Z" finished-at="2019-05-04T10:06:22Z">
          <reporter-output>
          </reporter-output>
        </test-method> <!-- tearDown -->
        <test-method status="PASS" signature="setup()[pri:0, instance:com.crm.qa.testcases.ContactsPageTest@2d554825]" name="setup" is-config="true" duration-ms="12896" started-at="2019-05-04T10:06:22Z" finished-at="2019-05-04T10:06:34Z">
          <reporter-output>
          </reporter-output>
        </test-method> <!-- setup -->
        <test-method status="PASS" signature="verifyAddContactDetails(java.lang.String, java.lang.String, java.lang.String)[pri:1, instance:com.crm.qa.testcases.ContactsPageTest@2d554825]" name="verifyAddContactDetails" duration-ms="3998" started-at="2019-05-04T10:06:34Z" data-provider="getCRMContactsData" finished-at="2019-05-04T10:06:38Z">
          <params>
            <param index="0">
              <value>
                <![CDATA[Henry]]>
              </value>
            </param>
            <param index="1">
              <value>
                <![CDATA[Jackson]]>
              </value>
            </param>
            <param index="2">
              <value>
                <![CDATA[Henry@gmail.com]]>
              </value>
            </param>
          </params>
          <reporter-output>
          </reporter-output>
        </test-method> <!-- verifyAddContactDetails -->
        <test-method status="PASS" signature="tearDown()[pri:0, instance:com.crm.qa.testcases.ContactsPageTest@2d554825]" name="tearDown" is-config="true" duration-ms="686" started-at="2019-05-04T10:06:38Z" finished-at="2019-05-04T10:06:39Z">
          <reporter-output>
          </reporter-output>
        </test-method> <!-- tearDown -->
        <test-method status="PASS" signature="setup()[pri:0, instance:com.crm.qa.testcases.ContactsPageTest@2d554825]" name="setup" is-config="true" duration-ms="13286" started-at="2019-05-04T10:06:39Z" finished-at="2019-05-04T10:06:52Z">
          <reporter-output>
          </reporter-output>
        </test-method> <!-- setup -->
        <test-method status="PASS" signature="verifyAddContactDetails(java.lang.String, java.lang.String, java.lang.String)[pri:1, instance:com.crm.qa.testcases.ContactsPageTest@2d554825]" name="verifyAddContactDetails" duration-ms="3770" started-at="2019-05-04T10:06:52Z" data-provider="getCRMContactsData" finished-at="2019-05-04T10:06:56Z">
          <params>
            <param index="0">
              <value>
                <![CDATA[Ram]]>
              </value>
            </param>
            <param index="1">
              <value>
                <![CDATA[Laxman]]>
              </value>
            </param>
            <param index="2">
              <value>
                <![CDATA[Ram@gmail.com]]>
              </value>
            </param>
          </params>
          <reporter-output>
          </reporter-output>
        </test-method> <!-- verifyAddContactDetails -->
        <test-method status="PASS" signature="tearDown()[pri:0, instance:com.crm.qa.testcases.ContactsPageTest@2d554825]" name="tearDown" is-config="true" duration-ms="708" started-at="2019-05-04T10:06:56Z" finished-at="2019-05-04T10:06:57Z">
          <reporter-output>
          </reporter-output>
        </test-method> <!-- tearDown -->
      </class> <!-- com.crm.qa.testcases.ContactsPageTest -->
      <class name="com.crm.qa.testcases.LoginPageTest">
        <test-method status="PASS" signature="setup()[pri:0, instance:com.crm.qa.testcases.LoginPageTest@6be46e8f]" name="setup" is-config="true" duration-ms="6276" started-at="2019-05-04T10:05:49Z" finished-at="2019-05-04T10:05:55Z">
          <reporter-output>
          </reporter-output>
        </test-method> <!-- setup -->
        <test-method status="PASS" signature="loginTest()[pri:0, instance:com.crm.qa.testcases.LoginPageTest@6be46e8f]" name="loginTest" duration-ms="5779" started-at="2019-05-04T10:05:55Z" finished-at="2019-05-04T10:06:01Z">
          <reporter-output>
          </reporter-output>
        </test-method> <!-- loginTest -->
        <test-method status="PASS" signature="tearDown()[pri:0, instance:com.crm.qa.testcases.LoginPageTest@6be46e8f]" name="tearDown" is-config="true" duration-ms="674" started-at="2019-05-04T10:06:01Z" finished-at="2019-05-04T10:06:02Z">
          <reporter-output>
          </reporter-output>
        </test-method> <!-- tearDown -->
      </class> <!-- com.crm.qa.testcases.LoginPageTest -->
    </test> <!-- Command line test -->
  </suite> <!-- Command line suite -->
</testng-results>
